[2026-03-17 21:14:42] [INFO] Database integrity check passed.
[2026-03-17 21:14:42] [INFO] The file is opened successfully
[2026-03-17 21:24:40] [INFO] Database integrity check passed.
[2026-03-17 21:24:40] [INFO] The file is opened successfully
[2026-03-17 22:18:15] [INFO] Database integrity check passed.
[2026-03-17 22:18:15] [INFO] The file is opened successfully
[2026-03-17 22:19:33] [INFO] Deposit of Rs.1000.000000 on account TEST001
[2026-03-17 22:19:33] [INFO] Deposit of Rs.1000.000000 on account TEST001
[2026-03-17 22:36:14] [INFO] Database integrity check passed.
[2026-03-17 22:36:14] [INFO] The file is opened successfully
[2026-03-17 22:36:55] [INFO] Deposit of Rs.1000.000000 on account TEST001
[2026-03-17 22:36:55] [INFO] Deposit of Rs.1000.000000 on account TEST001
[2026-03-18 18:00:21] [INFO] Deposit of Rs.1000.000000 on account TEST001
[2026-03-18 18:00:21] [INFO] Deposit of Rs.1000.000000 on account TEST001
[2026-03-18 18:09:00] [INFO] Deposit of Rs.1000.000000 on account TEST001
[2026-03-18 18:09:00] [INFO] Deposit of Rs.1000.000000 on account TEST001
[2026-03-18 18:09:06] [INFO] Database integrity check passed.
[2026-03-18 18:09:06] [INFO] The file is opened successfully
[2026-03-18 18:33:41] [INFO] Deposit of Rs.1000.000000 on account TEST001
[2026-03-18 18:33:41] [INFO] Deposit of Rs.1000.000000 on account TEST001
[2026-03-18 18:53:50] [INFO] Deposit of Rs.1000.000000 on account TEST001
[2026-03-18 18:53:50] [INFO] Deposit of Rs.1000.000000 on account TEST001
[2026-03-18 21:31:43] [INFO] Deposit of Rs.1000.000000 on account TEST001
[2026-03-18 21:31:43] [INFO] Deposit of Rs.1000.000000 on account TEST001
[2026-03-18 21:32:03] [INFO] Database integrity check passed.
[2026-03-18 21:32:03] [INFO] The file is opened successfully
[2026-03-18 21:32:22] [INFO] Login successful
[2026-03-18 21:33:05] [INFO] Account created: BNGL00000001 for Meet
[2026-03-18 21:33:18] [INFO] Login successful
[2026-03-19 16:54:01] [INFO] Database integrity check passed.
[2026-03-19 16:54:01] [INFO] The file is opened successfully
[2026-03-19 16:54:09] [INFO] Login successful
[2026-03-19 17:19:31] [INFO] Deposit of Rs.1000.000000 on account TEST001
[2026-03-19 17:19:31] [INFO] Deposit of Rs.1000.000000 on account TEST001
[2026-03-25 08:32:22] [INFO] Deposit of Rs.1000.000000 on account TEST001
[2026-03-25 08:32:22] [INFO] Deposit of Rs.1000.000000 on account TEST001
[2026-03-25 08:40:19] [INFO] Deposit of Rs.1000.000000 on account TEST001
[2026-03-25 08:40:19] [INFO] Deposit of Rs.1000.000000 on account TEST001
[2026-03-25 08:41:46] [INFO] Deposit of Rs.1000.000000 on account TEST001
[2026-03-25 08:41:46] [INFO] Deposit of Rs.1000.000000 on account TEST001
[2026-03-25 08:41:46] [INFO] Background worker started.
[2026-03-25 08:41:46] [INFO] Background worker stopped.
[2026-03-25 08:41:46] [INFO] Database integrity check passed.
[2026-03-25 08:41:46] [INFO] The file is opened successfully
[2026-03-25 08:41:46] [INFO] Background worker started.
[2026-03-25 08:41:46] [INFO] Background worker stopped.
[2026-03-25 08:41:46] [INFO] Database integrity check passed.
[2026-03-25 08:41:46] [INFO] The file is opened successfully
[2026-03-25 10:12:15] [INFO] Deposit of Rs.1000.000000 on account TEST001
[2026-03-25 10:12:15] [INFO] Deposit of Rs.1000.000000 on account TEST001
[2026-03-25 10:12:15] [INFO] Background worker started.
[2026-03-25 10:12:15] [INFO] Background worker stopped.
[2026-03-25 10:12:15] [INFO] Database integrity check passed.
[2026-03-25 10:12:15] [INFO] The file is opened successfully
[2026-03-25 10:12:15] [INFO] Background worker started.
[2026-03-25 10:12:15] [INFO] Background worker stopped.
[2026-03-25 10:12:15] [INFO] Database integrity check passed.
[2026-03-25 10:12:15] [INFO] The file is opened successfully
[2026-03-25 10:14:24] [INFO] Database integrity check passed.
[2026-03-25 10:14:24] [INFO] The file is opened successfully
[2026-03-25 10:14:37] [INFO] Login successful
[2026-03-25 10:14:37] [INFO] Background worker started.
[2026-03-25 10:15:07] [INFO] [BG] Running cleanup...
[2026-03-25 10:15:37] [INFO] [BG] Running cleanup...
[2026-03-25 10:16:12] [INFO] Database integrity check passed.
[2026-03-25 10:16:12] [INFO] The file is opened successfully
[2026-03-25 10:16:33] [INFO] Database integrity check passed.
[2026-03-25 10:16:33] [INFO] The file is opened successfully
[2026-03-25 10:16:43] [INFO] Login successful
[2026-03-25 10:16:43] [INFO] Background worker started.
[2026-03-25 10:17:13] [INFO] [BG] Running cleanup...
[2026-03-25 14:36:16] [INFO] [BG] Running cleanup...
[2026-03-25 14:36:46] [INFO] [BG] Running cleanup...
[2026-03-25 14:37:16] [INFO] [BG] Running cleanup...
[2026-03-25 14:39:13] [INFO] Database integrity check passed.
[2026-03-25 14:39:13] [INFO] The file is opened successfully
[2026-03-25 14:39:43] [INFO] Account created: BNGL00000002 for Meet Patel
[2026-03-25 14:40:11] [INFO] Login successful
[2026-03-25 14:40:11] [INFO] Background worker started.
[2026-03-25 14:40:41] [INFO] [BG] Running cleanup...
[2026-03-25 14:40:54] [INFO] Database integrity check passed.
[2026-03-25 14:40:54] [INFO] The file is opened successfully
[2026-03-25 14:41:03] [INFO] Login successful
[2026-03-25 14:41:03] [INFO] Background worker started.
[2026-03-25 14:41:33] [INFO] [BG] Running cleanup...
[2026-03-25 14:41:43] [INFO] Deposit of Rs.50000.000000 on account BNGL00000002
[2026-03-25 14:42:03] [INFO] [BG] Running cleanup...
[2026-03-25 14:42:33] [INFO] [BG] Running cleanup...
[2026-03-25 14:43:03] [INFO] [BG] Running cleanup...
[2026-03-25 14:43:33] [INFO] [BG] Running cleanup...
[2026-03-25 14:44:03] [INFO] [BG] Running cleanup...
[2026-03-25 14:44:33] [INFO] [BG] Running cleanup...
[2026-03-25 14:45:03] [INFO] [BG] Running cleanup...
[2026-03-25 14:45:33] [INFO] [BG] Running cleanup...
[2026-03-25 14:46:03] [INFO] [BG] Running cleanup...
[2026-03-25 14:46:33] [INFO] [BG] Running cleanup...
[2026-03-25 14:47:03] [INFO] [BG] Running cleanup...
[2026-03-25 14:47:33] [INFO] [BG] Running cleanup...
[2026-03-25 14:48:03] [INFO] [BG] Running cleanup...
[2026-03-25 14:48:33] [INFO] [BG] Running cleanup...
[2026-03-25 14:49:03] [INFO] [BG] Running cleanup...
[2026-03-25 14:49:33] [INFO] [BG] Running cleanup...
[2026-03-25 14:50:03] [INFO] [BG] Running cleanup...
[2026-03-25 14:50:33] [INFO] [BG] Running cleanup...
[2026-03-25 14:51:03] [INFO] [BG] Running cleanup...
[2026-03-25 14:51:33] [INFO] [BG] Running cleanup...
[2026-03-25 14:52:03] [INFO] [BG] Running cleanup...
[2026-03-25 14:52:33] [INFO] [BG] Running cleanup...
[2026-03-25 14:53:03] [INFO] [BG] Running cleanup...
[2026-03-25 14:53:33] [INFO] [BG] Running cleanup...
[2026-03-25 14:54:03] [INFO] [BG] Running cleanup...
[2026-03-25 14:54:33] [INFO] [BG] Running cleanup...
[2026-03-25 14:55:03] [INFO] [BG] Running cleanup...
[2026-03-25 14:55:33] [INFO] [BG] Running cleanup...
[2026-03-25 14:56:03] [INFO] [BG] Running cleanup...
[2026-03-25 14:56:33] [INFO] [BG] Running cleanup...
[2026-03-25 14:57:03] [INFO] [BG] Running cleanup...
[2026-03-25 14:57:33] [INFO] [BG] Running cleanup...
[2026-03-25 14:58:03] [INFO] [BG] Running cleanup...
[2026-03-25 14:58:33] [INFO] [BG] Running cleanup...
[2026-03-25 14:59:03] [INFO] [BG] Running cleanup...
[2026-03-25 14:59:33] [INFO] [BG] Running cleanup...
[2026-03-25 15:00:03] [INFO] [BG] Running cleanup...
[2026-03-25 15:00:33] [INFO] [BG] Running cleanup...
[2026-03-25 15:01:03] [INFO] [BG] Running cleanup...
[2026-03-25 15:01:33] [INFO] [BG] Running cleanup...
[2026-03-25 15:02:03] [INFO] [BG] Running cleanup...
[2026-03-25 15:02:33] [INFO] [BG] Running cleanup...
[2026-03-25 15:03:03] [INFO] [BG] Running cleanup...
[2026-03-25 15:03:33] [INFO] [BG] Running cleanup...
[2026-03-25 15:04:03] [INFO] [BG] Running cleanup...
[2026-03-25 15:04:33] [INFO] [BG] Running cleanup...
[2026-03-25 15:05:03] [INFO] [BG] Running cleanup...
[2026-03-25 15:05:33] [INFO] [BG] Running cleanup...
[2026-03-25 15:06:03] [INFO] [BG] Running cleanup...
[2026-03-25 15:06:33] [INFO] [BG] Running cleanup...
[2026-03-25 15:07:03] [INFO] [BG] Running cleanup...
[2026-03-25 15:07:33] [INFO] [BG] Running cleanup...
[2026-03-25 15:08:03] [INFO] [BG] Running cleanup...
[2026-03-25 15:08:33] [INFO] [BG] Running cleanup...
[2026-03-25 15:09:03] [INFO] [BG] Running cleanup...
[2026-03-25 15:09:33] [INFO] [BG] Running cleanup...
[2026-03-25 15:10:03] [INFO] [BG] Running cleanup...
[2026-03-25 15:10:27] [INFO] Deposit of Rs.1000.00 on account TEST001
[2026-03-25 15:10:27] [INFO] Deposit of Rs.1000.00 on account TEST001
[2026-03-25 15:10:27] [INFO] Background worker started.
[2026-03-25 15:10:27] [INFO] Background worker stopped.
[2026-03-25 15:10:27] [INFO] Database integrity check passed.
[2026-03-25 15:10:27] [INFO] The file is opened successfully
[2026-03-25 15:10:27] [INFO] Background worker started.
[2026-03-25 15:10:27] [INFO] Background worker stopped.
[2026-03-25 15:10:27] [INFO] Database integrity check passed.
[2026-03-25 15:10:27] [INFO] The file is opened successfully
[2026-03-25 15:10:33] [INFO] [BG] Running cleanup...
[2026-03-25 15:11:03] [INFO] [BG] Running cleanup...
